1 -636.96
2 -540.68
3 -484.06
4 -435.734
5 -411.26
6 -362.414
7 -376.394
8 -314.336
9 -283.498
10 -207.226
11 -104.616
12 -117.286
13 -51.842
14 -1.2
15 -16.666
16 8.874
17 41.212
18 54.166
19 44.006
20 97.718
21 108.548
22 119.494
23 154.218
24 103.448
25 138.094
26 124.66
27 152.88
28 141.47
29 171.512
30 190.898
31 196.974
32 198.994
33 185.454
34 226.214
35 254.042
36 246.654
37 296.864
38 315.068
39 329.164
40 312.13
41 332.918
42 366.366
43 365.432
44 379.826
45 387.848
46 371.75
47 393.514
48 400.822
49 389.71
50 381.498
51 395.542
52 407.708
53 402.986
54 410.258
55 404.442
56 399.796
57 425.412
58 393.014
59 399.83
60 402.436
61 408.292
62 411.462
63 410.246
64 414.032
65 414.752
66 405.254
67 406.656
68 421.646
69 421.886
70 384.862
71 398.99
72 408.318
73 401.812
74 416.518
75 411.806
76 399.916
77 400.596
78 424.106
79 415.764
80 404.706
81 405.14
82 417.45
83 411.59
84 410.004
85 427.004
86 430.184
87 432.372
88 421.786
89 429.598
90 426.498
91 426.484
92 414.276
93 415.21
94 420.71
95 418.216
96 429.884
97 408.052
98 422.29
99 416.744
100 431.684
