1 -590.816
2 -507.3
3 -447.662
4 -451.97
5 -369.794
6 -338.456
7 -284.172
8 -268.044
9 -203.584
10 -118.728
11 -66.492
12 -8.95
13 18.97
14 66.396
15 107.25
16 132.62
17 159.286
18 182.346
19 176.994
20 177.498
21 175.568
22 180.782
23 188.774
24 194.696
25 194.414
26 192.224
27 187.082
28 190.09
29 187.706
30 193.562
31 187.326
32 182.834
33 189.968
34 200.332
35 185.058
36 198.748
37 183.142
38 187.824
39 199.038
40 207.392
41 195.728
42 190.604
43 200.318
44 198.612
45 201.534
46 180.99
47 211.818
48 191.212
49 195.06
50 199.062
51 192.928
52 193.988
53 199.658
54 190.034
55 200.406
56 188.33
57 193.368
58 196.196
59 187.964
60 194.182
61 210.05
62 203.75
63 210.018
64 197.126
65 209.272
66 197.594
67 204.444
68 196.098
69 194.138
70 214.612
71 207.4
72 194.368
73 211.086
74 214.55
75 217.226
76 225.062
77 230.026
78 231.984
79 235.494
80 241.488
81 265.52
82 272.624
83 278.668
84 310.498
85 294.232
86 304.008
87 328.752
88 330.268
89 340.47
90 358.09
91 355.826
92 351.934
93 370.452
94 381.104
95 378.616
96 398.146
97 383.168
98 400.236
99 387.142
100 404.5
