1 -7573.07
2 -7384.15
3 -7058.04
4 -6833.07
5 -6703.01
6 -6361.64
7 -6314.12
8 -6154.42
9 -5832.4
10 -5569.65
11 -4938.33
12 -4368.71
13 -3765.94
14 -2554.67
15 -1176.27
16 -394.068
17 -271.534
18 -257.646
19 -187.26
20 184.622
21 -271.028
22 44.724
23 -73.552
24 -5.422
25 75.742
26 205.934
27 96.586
28 150.308
29 249.134
30 198.208
31 57.498
32 116.838
33 109.062
34 203.262
35 237.152
36 357.85
37 276.514
38 258.052
39 138.02
40 332.418
41 225.608
42 179.846
43 11.194
44 84.606
45 214.106
46 215.43
47 405.864
48 200.026
49 184.634
50 -33.08
51 440.042
52 351.694
53 267.708
54 422.914
55 377.942
56 266.944
57 279.724
58 96.76
59 269.52
60 373.816
61 156.516
62 393.998
63 284.744
64 377.962
65 361.916
66 179.018
67 365.56
68 298.532
69 410.838
70 438.088
71 364.112
72 326.96
73 351.05
74 420.556
75 444.468
76 380.498
77 337.158
78 350.02
79 251.19
80 253.186
81 348.596
82 311.056
83 228.6
84 333.138
85 405.462
86 176.862
87 186.45
88 416.278
89 212.04
90 251.222
91 349.902
92 192.412
93 298.758
94 399.384
95 328.53
96 307.124
97 359.792
98 357.058
99 311.372
100 243.536
