1 -614.188
2 -557.802
3 -481.372
4 -452.932
5 -442.196
6 -419.118
7 -411.932
8 -355.602
9 -351.588
10 -298.476
11 -266.244
12 -259.436
13 -197.112
14 -155.886
15 -111.5
16 -65.346
17 -60.834
18 -49.78
19 -3.802
20 -31.476
21 -0.19
22 2.71
23 55.966
24 53.028
25 53.044
26 88.748
27 131.47
28 120.604
29 149.446
30 158.518
31 172.376
32 181.728
33 210.99
34 197.88
35 209.476
36 195.966
37 190.642
38 214.972
39 207.898
40 230.286
41 230.164
42 264.752
43 234.73
44 241.616
45 242.352
46 252.236
47 270.93
48 266.236
49 272.886
50 267.964
51 269.688
52 282.954
53 292.37
54 292.544
55 287.212
56 295.158
57 285.964
58 304.13
59 351.786
60 326.094
61 331.458
62 345.4
63 351.178
64 359.544
65 340.596
66 349.42
67 359.498
68 385.574
69 379.294
70 396.118
71 373.438
72 397.246
73 398.088
74 387.236
75 403.934
76 374.384
77 404.358
78 401.378
79 433.192
80 428.62
81 441.934
82 459.07
83 459.134
84 452.39
85 460.408
86 461.996
87 456.778
88 470.008
89 453.218
90 468.188
91 467.034
92 447.124
93 454.976
94 470.398
95 458.402
96 460.486
97 467.878
98 456.626
99 461.728
100 450.722
