1 -581.582
2 -470.29
3 -388.372
4 -358.736
5 -291.1
6 -219.364
7 -110.116
8 -32.156
9 60.49
10 118.476
11 162.424
12 180.078
13 190.64
14 236.478
15 228.012
16 250.98
17 264.148
18 254.606
19 273.064
20 284.248
21 283.48
22 301.884
23 302.556
24 283.666
25 292.926
26 294.846
27 297.908
28 310.384
29 319.982
30 312.578
31 339.252
32 320.502
33 338.976
34 331.498
35 346.006
36 340.694
37 352.274
38 343.198
39 357.368
40 354.522
41 346.982
42 341.88
43 362.33
44 342.482
45 345.944
46 353.608
47 333.336
48 362.766
49 359.286
50 365.518
51 339.102
52 344.804
53 363.762
54 358.93
55 374.5
56 347.482
57 354.844
58 345.292
59 357.434
60 355.804
61 354.246
62 362.162
63 347.644
64 363.342
65 365.248
66 356.33
67 353.856
68 351.894
69 347.844
70 362.256
71 363.776
72 356.46
73 368.304
74 362.234
75 360.358
76 361.716
77 362.878
78 348.93
79 354.418
80 354.358
81 350.43
82 352.354
83 356.58
84 354.826
85 357.408
86 350.146
87 369.756
88 353.866
89 359.002
90 356.614
91 356.282
92 375.714
93 355.256
94 372.412
95 378.396
96 372.102
97 362.388
98 361.97
99 367.054
100 380.394
