1 -436.256
2 -300.436
3 -271.626
4 -193.014
5 -171.124
6 -120.544
7 -118.59
8 -60.41
9 15.71
10 53.64
11 98.384
12 178.744
13 206.54
14 270.412
15 300.09
16 362.806
17 382.548
18 436.726
19 521.816
20 537.938
21 576.668
22 561.478
23 574.826
24 593.208
25 615.668
26 614.186
27 625.066
28 633.468
29 614.584
30 630.274
31 643.56
32 642.646
33 660.422
34 642.86
35 658.638
36 660.44
37 654.468
38 662
39 651.75
40 660.874
41 660.31
42 659.744
43 671.952
44 679.312
45 664.73
46 666.03
47 679.276
48 674.6
49 674.924
50 653.468
51 678.494
52 668.728
53 668.554
54 676.488
55 682.948
56 681.026
57 690.712
58 688.836
59 694.168
60 677.294
61 692.43
62 697.286
63 685.388
64 699.316
65 706.966
66 692.148
67 682.888
68 681.34
69 687.784
70 684.968
71 700.408
72 700.89
73 697.572
74 706.684
75 717.914
76 701.652
77 713.684
78 710.422
79 701.302
80 717.71
81 718.202
82 706.6
83 704.354
84 716.76
85 722.174
86 720.282
87 720.866
88 715.356
89 708.114
90 718.27
91 719.494
92 719.8
93 716.222
94 720.184
95 716.934
96 717.004
97 725.848
98 728.59
99 723.834
100 716.66
