1 -591.724
2 -485.768
3 -457.42
4 -411.462
5 -378.604
6 -355.258
7 -261.324
8 -167.936
9 -42.802
10 113.778
11 238.974
12 272.26
13 275.946
14 325.268
15 292.55
16 327.626
17 338.394
18 356.398
19 338.022
20 366.786
21 379.582
22 384.922
23 427.75
24 425.032
25 447.85
26 409.986
27 451.844
28 462.558
29 470.572
30 474.494
31 464.278
32 480.026
33 492.062
34 472.93
35 503.92
36 485.46
37 517.222
38 510.29
39 495.742
40 541.662
41 518.562
42 536.512
43 517.902
44 540.906
45 539.926
46 535.824
47 525.052
48 538.348
49 519.046
50 541.698
51 541.446
52 542.628
53 541.292
54 551.992
55 574.946
56 535.39
57 539.304
58 561.506
59 557.662
60 552.076
61 569.682
62 534.424
63 547.56
64 528.412
65 557.352
66 534.652
67 560.138
68 558.062
69 545.468
70 556.036
71 567.842
72 570.408
73 560.166
74 574.5
75 579.09
76 575.006
77 554.38
78 572.048
79 567.326
80 545.286
81 571.11
82 568.568
83 541.79
84 582.9
85 552.93
86 573.574
87 581.13
88 571.296
89 569.984
90 546.336
91 556.472
92 564.768
93 571.5
94 570.826
95 563.126
96 563.882
97 572.506
98 576.61
99 561.084
100 546.162
