1 -555.576
2 -457.182
3 -374.35
4 -344.404
5 -318.442
6 -277.722
7 -194.876
8 -144.038
9 -110.142
10 -43.712
11 -41.938
12 -8.452
13 11.878
14 16.526
15 9.918
16 19.422
17 23.792
18 38.888
19 35.596
20 35.14
21 29.694
22 40.132
23 46.152
24 45.306
25 38.892
26 45.478
27 39.744
28 52.734
29 50.088
30 45.568
31 41.288
32 45.69
33 49.272
34 43.944
35 45.268
36 42.664
37 45.128
38 41.878
39 44.084
40 49.404
41 44.106
42 48.764
43 42.95
44 49.06
45 43.14
46 42.908
47 43.936
48 50.488
49 47.584
50 42.528
51 43.168
52 45.224
53 44.658
54 35.538
55 50.218
56 40.536
57 48.15
58 55.696
59 50.754
60 36.892
61 48.092
62 50.952
63 48.742
64 41.944
65 43.092
66 47.456
67 54.126
68 51.406
69 40.396
70 43.974
71 49.024
72 40.954
73 48.39
74 59.688
75 48.336
76 51.328
77 43.452
78 49.128
79 50.716
80 51.57
81 47.07
82 60.676
83 52.462
84 52.526
85 53.818
86 48.874
87 53.892
88 48.318
89 50.87
90 54.952
91 54.726
92 46.6
93 50.028
94 40.646
95 43.62
96 51.034
97 55.044
98 58.786
99 56.752
100 59.076
