1 -584.23
2 -459.986
3 -397.826
4 -372.222
5 -355.232
6 -334.252
7 -341
8 -320.85
9 -298.664
10 -266.186
11 -235.088
12 -200.878
13 -156.688
14 -124.62
15 -80.984
16 -64.724
17 -39.524
18 -4.514
19 -2.4
20 0.642
21 4.416
22 -10.22
23 14.262
24 35.544
25 40.864
26 43.218
27 38.608
28 39.782
29 39.978
30 56.68
31 47.454
32 39.164
33 49.348
34 61.82
35 55.104
36 66.952
37 53.266
38 57.638
39 42.226
40 57.594
41 49.608
42 53.326
43 55.31
44 52.906
45 67.174
46 59.232
47 62.788
48 55.182
49 56.07
50 58.972
51 63.192
52 55.296
53 60.982
54 73.034
55 67.768
56 67.746
57 67.096
58 68.964
59 77.644
60 70.316
61 69.28
62 53.832
63 67.98
64 72.234
65 78.058
66 77.598
67 72.728
68 57.738
69 74.598
70 69.188
71 45.16
72 56.154
73 58.79
74 55.604
75 79.244
76 83.612
77 68.002
78 67.224
79 68.474
80 65.804
81 68.162
82 73.698
83 70.37
84 75.098
85 80.502
86 80.966
87 73.178
88 86.566
89 72.462
90 72.594
91 85.34
92 80.024
93 93.284
94 68.296
95 78.604
96 69.632
97 63.846
98 74.664
99 77.604
100 61.428
