1 -608.672
2 -545.702
3 -500.278
4 -461.748
5 -446.684
6 -454.552
7 -424.728
8 -432.94
9 -442.934
10 -447.242
11 -416.408
12 -437.382
13 -437.458
14 -427.71
15 -400.768
16 -442.13
17 -398.706
18 -417.066
19 -399.494
20 -374.698
21 -399.702
22 -376.302
23 -371.016
24 -355.126
25 -374.096
26 -348.07
27 -320.434
28 -248.194
29 -178.088
30 -81.36
31 50.598
32 166.456
33 204.57
34 261.646
35 310.84
36 313.412
37 344.736
38 331.628
39 353.48
40 347.642
41 352.386
42 353.96
43 363.712
44 364.474
45 362.068
46 358.234
47 367.2
48 373.942
49 385.968
50 377.36
51 372.434
52 384.578
53 385.178
54 380.814
55 386.898
56 375.724
57 387.548
58 399.004
59 379.384
60 398.636
61 393.07
62 386.286
63 390.158
64 397.128
65 392.952
66 392.662
67 374.828
68 385.914
69 394.704
70 393.926
71 381.778
72 395.544
73 387.976
74 393.416
75 394.72
76 386.376
77 393.36
78 389.988
79 393.248
80 405.68
81 405.752
82 397.658
83 399.362
84 387.628
85 399.36
86 389.408
87 387.878
88 399.474
89 398.506
90 385.286
91 391.202
92 399.44
93 395.316
94 389.738
95 388.334
96 392.06
97 386.348
98 397.236
99 405.58
100 392.622
