1 -621.404
2 -567.898
3 -485.122
4 -467.222
5 -435.402
6 -428.838
7 -416.388
8 -372.056
9 -306.382
10 -203.732
11 -113.25
12 -39.276
13 21.994
14 51.26
15 77.818
16 62.526
17 116.482
18 153.302
19 154.75
20 162.942
21 174.01
22 213.294
23 213.492
24 229.93
25 244.926
26 258.462
27 264.566
28 261.418
29 272.098
30 294.45
31 297.938
32 281.366
33 291.808
34 304.746
35 298.954
36 308.31
37 297.2
38 304.226
39 298.188
40 300.686
41 305.232
42 306.238
43 306.252
44 306.704
45 303.716
46 300.994
47 322.026
48 309.432
49 306.132
50 310.202
51 311.468
52 325.602
53 312.062
54 317.77
55 308.822
56 327.192
57 318.154
58 318.144
59 319.068
60 323.066
61 316.75
62 329.344
63 316.97
64 331.84
65 340.288
66 327.418
67 339.096
68 340.154
69 366.216
70 361.88
71 368.294
72 375.052
73 357.234
74 366.828
75 364.752
76 367.08
77 368.092
78 366.53
79 368.096
80 372.008
81 380.186
82 380.824
83 375.71
84 372.684
85 387.078
86 378.494
87 390.596
88 380.51
89 394.308
90 384.778
91 389.926
92 387.258
93 386.122
94 391.258
95 390.468
96 379.668
97 389.45
98 390.41
99 380.806
100 404.946
