1 -616.632
2 -517.83
3 -427.584
4 -395.144
5 -327.578
6 -211.936
7 -127.728
8 52.626
9 170.182
10 283.376
11 307.414
12 328.864
13 344.006
14 369.334
15 371.73
16 334.67
17 372.242
18 377.33
19 377.13
20 376.15
21 368.804
22 389.776
23 363.654
24 372.614
25 375.052
26 382.508
27 375.002
28 388.064
29 376.704
30 378.64
31 378.304
32 371.214
33 372.084
34 376.616
35 370.72
36 369.41
37 366.488
38 374.102
39 374.722
40 394.562
41 386.822
42 382.32
43 375.7
44 385.074
45 374.34
46 384.924
47 372.876
48 367.4
49 369.832
50 369.736
51 380.866
52 385.194
53 380.294
54 388.046
55 385.574
56 379.71
57 387.138
58 387.14
59 385.502
60 382.124
61 374.048
62 382.894
63 384.184
64 387.218
65 386.402
66 385.358
67 389.028
68 401.43
69 385.424
70 379.298
71 400.738
72 391.842
73 400.626
74 409.672
75 411.872
76 410.644
77 434.726
78 443.422
79 466.076
80 485.546
81 490.682
82 492.526
83 508.05
84 523.912
85 514.332
86 527.792
87 529.71
88 547.906
89 554.018
90 582.508
91 586.38
92 583.352
93 588.07
94 594.544
95 604.61
96 598.006
97 612.3
98 601.592
99 603.73
100 614.086
