1 -617.628
2 -570.11
3 -503.442
4 -458.878
5 -450.928
6 -434.448
7 -438.142
8 -444.514
9 -453.582
10 -422.39
11 -419.99
12 -416.546
13 -386.186
14 -390.75
15 -396.034
16 -395.16
17 -366.542
18 -353.294
19 -321.944
20 -296.03
21 -233.872
22 -169.454
23 -57.584
24 62.776
25 163.918
26 256.48
27 295.332
28 327.734
29 351.714
30 352.354
31 342.426
32 354.788
33 352.508
34 361.13
35 361.852
36 374.866
37 387.078
38 390.414
39 371.748
40 382.146
41 383.89
42 390.744
43 395.156
44 406.104
45 394.482
46 395.474
47 402.286
48 391.11
49 395.51
50 408.462
51 397.44
52 391.324
53 404.556
54 386.114
55 397.844
56 400.606
57 397.476
58 407.478
59 399.006
60 393.462
61 414.66
62 409.962
63 409.414
64 403.814
65 405.196
66 420.884
67 407.124
68 402.416
69 399.98
70 414.742
71 417.36
72 421.246
73 413.02
74 415.764
75 414.79
76 411.832
77 410.572
78 411.508
79 405.872
80 397.66
81 408.144
82 410.74
83 417.738
84 408.312
85 393.556
86 422.238
87 424.62
88 407.876
89 418.046
90 424.038
91 423.392
92 406.142
93 426.834
94 416.24
95 421.766
96 418.282
97 420.44
98 418.712
99 423.876
100 426.83
