1 -7622.4
2 -7275.4
3 -7148.74
4 -6814.57
5 -6699.37
6 -6461.34
7 -6141.13
8 -5693.3
9 -5048.05
10 -3626.36
11 -1431.68
12 105.854
13 854.776
14 1713.82
15 2254.4
16 2707.23
17 2849.7
18 3177.98
19 3302.93
20 3398.14
21 3819.05
22 4086.74
23 4238.44
24 4350.1
25 4343.97
26 4410.62
27 4795.18
28 4472.39
29 4735.58
30 5028.42
31 5034.32
32 5066.34
33 5185.61
34 5043.41
35 5070.53
36 5158.8
37 5268.44
38 5222.92
39 5133.41
40 5173
41 5204.36
42 5039.03
43 5495.93
44 4871.16
45 5253.65
46 5328.38
47 5314.39
48 5464.09
49 5313.03
50 5181.22
51 5137.92
52 5226.11
53 5592.41
54 5422.6
55 5679.95
56 5623.69
57 5449.2
58 5475.31
59 5599.66
60 5383.93
61 5449.68
62 5620.77
63 5794.04
64 5405.79
65 5557.74
66 5615.59
67 5454.98
68 5400.11
69 5735.75
70 5535.83
71 5314.25
72 5363.17
73 5410.66
74 5462.2
75 5394.69
76 5553.93
77 5437.38
78 5526.9
79 5323.45
80 5502.28
81 5578.47
82 5544.84
83 5619.73
84 5518.98
85 5621.71
86 5296.76
87 5583.76
88 5534.28
89 5624.45
90 5680.26
91 5502.45
92 5497.3
93 5646.58
94 5393.93
95 5629.23
96 5504.03
97 5503.44
98 5661.49
99 5569.95
100 5452.2
