1 -7486.73
2 -7081.96
3 -6897.44
4 -6685.29
5 -6594.35
6 -6385.51
7 -6379.16
8 -6282.41
9 -6050.01
10 -5973.58
11 -5802.29
12 -5763.84
13 -5706.69
14 -5513.48
15 -5039.56
16 -4914.84
17 -4595.75
18 -4018.45
19 -2720.02
20 -2617.3
21 -1495.53
22 -695.73
23 247.724
24 1165.83
25 1767.47
26 2137.99
27 2577.05
28 3246.56
29 3819.65
30 3795.21
31 4122.21
32 3974.83
33 4067.34
34 4378.62
35 4283.91
36 4682.41
37 4636.18
38 4587.68
39 4596.16
40 4943.2
41 4720.38
42 4613.37
43 4843.69
44 4790.45
45 4937.1
46 4804.69
47 5007.69
48 5053.14
49 5110.06
50 5159.03
51 5247.67
52 5364.49
53 5333.13
54 5003.43
55 5313.85
56 5245.84
57 5253.99
58 5453.72
59 5450.02
60 5375.97
61 5240.97
62 5371.74
63 5546.45
64 5416.53
65 5508.05
66 5563.37
67 5830.72
68 5684.66
69 5713.04
70 5966.37
71 6128.44
72 6325.83
73 6441.41
74 6233.48
75 6559.61
76 6586.42
77 6491.47
78 6713.16
79 6531.31
80 6625.74
81 6931.42
82 6805.83
83 6893.42
84 6765.38
85 6858.52
86 6798.47
87 6889.58
88 6914.21
89 6977.82
90 7083.42
91 7138.52
92 7119.18
93 7090.04
94 7115.18
95 7213.96
96 6996.37
97 7179.76
98 7108.24
99 7187.83
100 7142.91
